UG to IGES
! INFO-     NX V11.0 / IGES Specification 5.3
! INFO-      
! INFO-     Start of Translation: 11-SEP-2017  7:52:36 AM
! INFO-      
! STATUS-   Converting Part: D:\ZIGA\Ventilator 40x40x10\Generic_fan_40x40x10\cable_cap.prt
! SUMMARY-   
! SUMMARY-  Summary of Unigraphics Input Entities
! SUMMARY-  For Part: D:\ZIGA\Ventilator 40x40x10\Generic_fan_40x40x10\cable_cap.prt 
! SUMMARY-  Entities Processed             Count
! SUMMARY-  ------------------             -----
! SUMMARY-  Point .......................:     1
! SUMMARY-  Line ........................:    82
! SUMMARY-  Arc/Circle ..................:    10
! SUMMARY-  B-Curve .....................:    92
! SUMMARY-  Part Attribute ..............:     1
! SUMMARY-  Layer Category ..............:     6
! SUMMARY-  Font ........................:     1
! SUMMARY-  Color Table .................:     2
! SUMMARY-  Coordinate System ...........:     2
! SUMMARY-  Parameter ...................:     2
! SUMMARY-  Matrix ......................:    10
! SUMMARY-  View ........................:     8
! SUMMARY-  Layout ......................:     5
! SUMMARY-  Solid .......................:
! SUMMARY-     Face .....................:    18
! SUMMARY-  Trim Curve ..................:    21
! SUMMARY-                                 -----
! SUMMARY-  Total                            261
! STATUS-    
! STATUS-   Converting to Output Form (Phase 2 of 3): 11-SEP-2017 7:52:37 AM
! STATUS-    
! STATUS-   Creating the IGES file (Phase 3 of 3): 11-SEP-2017  7:52:37 AM
! SUMMARY-   
! SUMMARY-  Summary of IGES Output Entities
! SUMMARY-   
! SUMMARY-  Entities Processed             Count
! SUMMARY-  ------------------             -----
! SUMMARY-  Point ........................     1
! SUMMARY-  Arc ..........................    10
! SUMMARY-  Line .........................    50
! SUMMARY-  BSpline Curve ................    60
! SUMMARY-  Composite Curve ..............    22
! SUMMARY-  Curve on Surface .............    13
! SUMMARY-  Plane ........................
! SUMMARY-      Unbounded ................    32
! SUMMARY-  Trimmed Surface ..............    10
! SUMMARY-  BSpline Surface ..............    18
! SUMMARY-  Color ........................     2
! SUMMARY-  Name .........................     8
! SUMMARY-  Transformation ...............     9
! SUMMARY-  Definition Levels ............     5
! SUMMARY-  Level Function ...............     5
! SUMMARY-  View .........................     8
! SUMMARY-                                 -----
! SUMMARY-  Total                            253
! INFO-      
! INFO-     End of Translation: 11-SEP-2017  7:52:37 AM
! INFO-      
