UG to IGES
! INFO-     NX V11.0 / IGES Specification 5.3
! INFO-      
! INFO-     Start of Translation: 11-SEP-2017  7:54:29 AM
! INFO-      
! STATUS-   Converting Part: D:\ZIGA\Ventilator 40x40x10\Generic_fan_40x40x10\connector_Cl22.prt
! SUMMARY-   
! SUMMARY-  Summary of Unigraphics Input Entities
! SUMMARY-  For Part: D:\ZIGA\Ventilator 40x40x10\Generic_fan_40x40x10\connector_Cl22.prt 
! SUMMARY-  Entities Processed             Count
! SUMMARY-  ------------------             -----
! SUMMARY-  Line ........................:   324
! SUMMARY-  B-Curve .....................:   360
! SUMMARY-  Part Attribute ..............:     1
! SUMMARY-  Layer Category ..............:     6
! SUMMARY-  Font ........................:     1
! SUMMARY-  Color Table .................:     2
! SUMMARY-  Coordinate System ...........:     1
! SUMMARY-  Parameter ...................:     2
! SUMMARY-  Matrix ......................:     8
! SUMMARY-  View ........................:     8
! SUMMARY-  Layout ......................:     5
! SUMMARY-  Component ...................:     2
! SUMMARY-  Solid .......................:
! SUMMARY-     Face .....................:    61
! SUMMARY-  Trim Curve ..................:    67
! SUMMARY-                                 -----
! SUMMARY-  Total                            848
! SUMMARY-   
! SUMMARY-  Summary of Unigraphics Input Entities
! SUMMARY-  For Part: cable_cap.prt 
! SUMMARY-  Entities Processed             Count
! SUMMARY-  ------------------             -----
! SUMMARY-  Point .......................:     1
! SUMMARY-  Line ........................:    82
! SUMMARY-  Arc/Circle ..................:    10
! SUMMARY-  B-Curve .....................:    92
! SUMMARY-  Part Attribute ..............:     1
! SUMMARY-  Layer Category ..............:     6
! SUMMARY-  Font ........................:     1
! SUMMARY-  Color Table .................:     2
! SUMMARY-  Coordinate System ...........:     2
! SUMMARY-  Parameter ...................:     2
! SUMMARY-  Matrix ......................:    10
! SUMMARY-  View ........................:     8
! SUMMARY-  Layout ......................:     5
! SUMMARY-  Reference Set ...............:     1
! SUMMARY-  Solid .......................:
! SUMMARY-     Face .....................:    18
! SUMMARY-  Trim Curve ..................:    21
! SUMMARY-                                 -----
! SUMMARY-  Total                            262
! STATUS-    
! STATUS-   Converting to Output Form (Phase 2 of 3): 11-SEP-2017 7:54:29 AM
! STATUS-    
! STATUS-   Creating the IGES file (Phase 3 of 3): 11-SEP-2017  7:54:29 AM
! SUMMARY-   
! SUMMARY-  Summary of IGES Output Entities
! SUMMARY-   
! SUMMARY-  Entities Processed             Count
! SUMMARY-  ------------------             -----
! SUMMARY-  Arc ..........................    10
! SUMMARY-  Line .........................   182
! SUMMARY-  BSpline Curve ................   228
! SUMMARY-  Composite Curve ..............    60
! SUMMARY-  Curve on Surface .............    32
! SUMMARY-  Plane ........................
! SUMMARY-      Unbounded ................    32
! SUMMARY-  Trimmed Surface ..............    23
! SUMMARY-  BSpline Surface ..............    79
! SUMMARY-  Color ........................     3
! SUMMARY-  Name .........................    10
! SUMMARY-  Transformation ...............    11
! SUMMARY-  Definition Levels ............     5
! SUMMARY-  Level Function ...............     5
! SUMMARY-  Instance .....................     2
! SUMMARY-  Subfigure Definition .........     1
! SUMMARY-  View .........................     8
! SUMMARY-                                 -----
! SUMMARY-  Total                            691
! INFO-      
! INFO-     End of Translation: 11-SEP-2017  7:54:29 AM
! INFO-      
