UG to IGES
! INFO-     NX V11.0 / IGES Specification 5.3
! INFO-      
! INFO-     Start of Translation: 11-SEP-2017  7:55:59 AM
! INFO-      
! STATUS-   Converting Part: D:\ZIGA\Ventilator 40x40x10\Generic_fan_40x40x10\fan_40x40x10_case.prt
! SUMMARY-   
! SUMMARY-  Summary of Unigraphics Input Entities
! SUMMARY-  For Part: D:\ZIGA\Ventilator 40x40x10\Generic_fan_40x40x10\fan_40x40x10_case.prt 
! SUMMARY-  Entities Processed             Count
! SUMMARY-  ------------------             -----
! SUMMARY-  Point .......................:     1
! SUMMARY-  Line ........................:   162
! SUMMARY-  Arc/Circle ..................:   103
! SUMMARY-  B-Curve .....................:   283
! SUMMARY-  Part Attribute ..............:     1
! SUMMARY-  Layer Category ..............:     6
! SUMMARY-  Font ........................:     1
! SUMMARY-  Color Table .................:     2
! SUMMARY-  Coordinate System ...........:     2
! SUMMARY-  Parameter ...................:     2
! SUMMARY-  Matrix ......................:    12
! SUMMARY-  View ........................:     8
! SUMMARY-  Layout ......................:     5
! SUMMARY-  Solid .......................:
! SUMMARY-     Face .....................:    50
! SUMMARY-  Trim Curve ..................:    66
! SUMMARY-                                 -----
! SUMMARY-  Total                            704
! STATUS-    
! STATUS-   Converting to Output Form (Phase 2 of 3): 11-SEP-2017 7:55:59 AM
! STATUS-    
! STATUS-   Creating the IGES file (Phase 3 of 3): 11-SEP-2017  7:55:59 AM
! SUMMARY-   
! SUMMARY-  Summary of IGES Output Entities
! SUMMARY-   
! SUMMARY-  Entities Processed             Count
! SUMMARY-  ------------------             -----
! SUMMARY-  Point ........................     1
! SUMMARY-  Arc ..........................   103
! SUMMARY-  Line .........................    98
! SUMMARY-  BSpline Curve ................   195
! SUMMARY-  Composite Curve ..............    50
! SUMMARY-  Curve on Surface .............    47
! SUMMARY-  Plane ........................
! SUMMARY-      Unbounded ................    32
! SUMMARY-  Trimmed Surface ..............    31
! SUMMARY-  BSpline Surface ..............    50
! SUMMARY-  Color ........................     5
! SUMMARY-  Name .........................    22
! SUMMARY-  Transformation ...............    13
! SUMMARY-  Definition Levels ............     5
! SUMMARY-  Level Function ...............     5
! SUMMARY-  View .........................     8
! SUMMARY-                                 -----
! SUMMARY-  Total                            665
! INFO-      
! INFO-     End of Translation: 11-SEP-2017  7:55:59 AM
! INFO-      
